Wed Nov 12 18:42:34 EST 2014 : Apache Derby Network Server - 10.10.1.3 - (1557168) started and ready to accept connections on port 1527
----------------------------------------------------------------
Wed Nov 12 18:42:35 EST 2014:
Booting Derby version The Apache Software Foundation - Apache Derby - 10.10.1.3 - (1557168): instance a816c00e-0149-a663-1f5c-0000437277e4 
on database directory /Users/blakejoynes/Projects/Database/Flight Simulation with class loader sun.misc.Launcher$AppClassLoader@5451c3a8 
Loaded from file:/Library/Java/JavaVirtualMachines/jdk1.8.0_20.jdk/Contents/Home/db/lib/derby.jar
java.vendor=Oracle Corporation
java.runtime.version=1.8.0_20-b26
user.dir=/Library/Java/JavaVirtualMachines/jdk1.8.0_20.jdk/Contents/Home/db
os.name=Mac OS X
os.arch=x86_64
os.version=10.10
derby.system.home=/Users/blakejoynes/Projects/Database
Database Class Loader started - derby.database.classpath=''
----------------------------------------------------------------
Wed Nov 12 18:42:37 EST 2014:
Shutting down instance a816c00e-0149-a663-1f5c-0000437277e4 on database directory /Users/blakejoynes/Projects/Database/Flight Simulation with class loader sun.misc.Launcher$AppClassLoader@5451c3a8 
Wed Nov 12 18:42:37 EST 2014 Thread[DRDAConnThread_3,5,main] (DATABASE = Flight Simulation), (DRDAID = {2}), Database 'Flight Simulation' shutdown.
----------------------------------------------------------------
Wed Nov 12 18:42:44 EST 2014:
Booting Derby version The Apache Software Foundation - Apache Derby - 10.10.1.3 - (1557168): instance 560740aa-0149-a663-1f5c-0000437277e4 
on database directory /Users/blakejoynes/Projects/Database/Flight Simulation with class loader sun.misc.Launcher$AppClassLoader@5451c3a8 
Loaded from file:/Library/Java/JavaVirtualMachines/jdk1.8.0_20.jdk/Contents/Home/db/lib/derby.jar
java.vendor=Oracle Corporation
java.runtime.version=1.8.0_20-b26
user.dir=/Library/Java/JavaVirtualMachines/jdk1.8.0_20.jdk/Contents/Home/db
os.name=Mac OS X
os.arch=x86_64
os.version=10.10
derby.system.home=/Users/blakejoynes/Projects/Database
Database Class Loader started - derby.database.classpath=''
